<?xml version="1.0" encoding="UTF-8"?>
<!-- Generated by org.testng.reporters.JUnitXMLReporter -->
<testsuite ignored="0" hostname="DESKTOP-350I21P" failures="0" tests="5" name="Default test" time="22.378" errors="0" timestamp="2021-11-30T19:24:45 IST">
  <testcase classname="Cal_Operation.NewTest" name="openUrl" time="8.604"/>
  <testcase classname="Cal_Operation.NewTest" name="Multiplication_Op" time="2.554"/>
  <testcase classname="Cal_Operation.NewTest" name="Division_Op" time="3.481"/>
  <testcase classname="Cal_Operation.NewTest" name="Addition_Op" time="3.614"/>
  <testcase classname="Cal_Operation.NewTest" name="Substraction_Op" time="4.053"/>
</testsuite> <!-- Default test -->
