<?xml version="1.0" encoding="UTF-8"?>
<testng-results ignored="0" total="5" passed="5" failed="0" skipped="0">
  <reporter-output>
  </reporter-output>
  <suite started-at="2021-11-30T19:24:23 IST" name="Default suite" finished-at="2021-11-30T19:24:45 IST" duration-ms="22378">
    <groups>
    </groups>
    <test started-at="2021-11-30T19:24:23 IST" name="Default test" finished-at="2021-11-30T19:24:45 IST" duration-ms="22378">
      <class name="Cal_Operation.NewTest">
        <test-method signature="openUrl()[pri:1, instance:Cal_Operation.NewTest@4e268090]" started-at="2021-11-30T19:24:23 IST" name="openUrl" finished-at="2021-11-30T19:24:32 IST" duration-ms="8604" status="PASS">
          <reporter-output>
          </reporter-output>
        </test-method> <!-- openUrl -->
        <test-method signature="Multiplication_Op()[pri:2, instance:Cal_Operation.NewTest@4e268090]" started-at="2021-11-30T19:24:32 IST" name="Multiplication_Op" finished-at="2021-11-30T19:24:34 IST" duration-ms="2554" status="PASS">
          <reporter-output>
          </reporter-output>
        </test-method> <!-- Multiplication_Op -->
        <test-method signature="Division_Op()[pri:3, instance:Cal_Operation.NewTest@4e268090]" started-at="2021-11-30T19:24:34 IST" name="Division_Op" finished-at="2021-11-30T19:24:38 IST" duration-ms="3481" status="PASS">
          <reporter-output>
          </reporter-output>
        </test-method> <!-- Division_Op -->
        <test-method signature="Addition_Op()[pri:4, instance:Cal_Operation.NewTest@4e268090]" started-at="2021-11-30T19:24:38 IST" name="Addition_Op" finished-at="2021-11-30T19:24:41 IST" duration-ms="3614" status="PASS">
          <reporter-output>
          </reporter-output>
        </test-method> <!-- Addition_Op -->
        <test-method signature="Substraction_Op()[pri:5, instance:Cal_Operation.NewTest@4e268090]" started-at="2021-11-30T19:24:41 IST" name="Substraction_Op" finished-at="2021-11-30T19:24:45 IST" duration-ms="4053" status="PASS">
          <reporter-output>
          </reporter-output>
        </test-method> <!-- Substraction_Op -->
      </class> <!-- Cal_Operation.NewTest -->
    </test> <!-- Default test -->
  </suite> <!-- Default suite -->
</testng-results>
